2022-05-31 12:46:12,435  INFO [TestNG-test=Test-1] SaucedemoProjectv2:36 - browser open
2022-05-31 12:46:12,434  INFO [TestNG-test=Test-2] SaucedemoProjectv2:36 - browser open
2022-05-31 12:46:12,484  INFO [TestNG-test=Test-3] SaucedemoProjectv2:36 - browser open
2022-05-31 12:46:12,485  INFO [TestNG-test=Test-4] SaucedemoProjectv2:36 - browser open
2022-05-31 12:46:12,702  INFO [TestNG-test=Test-5] SaucedemoProjectv2:36 - browser open
2022-05-31 12:46:13,490  INFO [TestNG-test=Test-3] SaucedemoProjectv2:60 - Url Open
2022-05-31 12:46:13,701  INFO [TestNG-test=Test-3] SaucedemoProjectv2:67 - Username Entered
2022-05-31 12:46:13,775  INFO [TestNG-test=Test-3] SaucedemoProjectv2:70 - Password Entered
2022-05-31 12:46:13,869  INFO [TestNG-test=Test-5] SaucedemoProjectv2:60 - Url Open
2022-05-31 12:46:13,907  INFO [TestNG-test=Test-2] SaucedemoProjectv2:60 - Url Open
2022-05-31 12:46:14,007  INFO [TestNG-test=Test-3] SaucedemoProjectv2:73 - Login Button Clicked
2022-05-31 12:46:14,305  INFO [TestNG-test=Test-5] SaucedemoProjectv2:67 - Username Entered
2022-05-31 12:46:14,351  INFO [TestNG-test=Test-2] SaucedemoProjectv2:67 - Username Entered
2022-05-31 12:46:14,358  INFO [TestNG-test=Test-4] SaucedemoProjectv2:60 - Url Open
2022-05-31 12:46:14,510  INFO [TestNG-test=Test-5] SaucedemoProjectv2:70 - Password Entered
2022-05-31 12:46:14,533  INFO [TestNG-test=Test-2] SaucedemoProjectv2:70 - Password Entered
2022-05-31 12:46:14,642  INFO [TestNG-test=Test-4] SaucedemoProjectv2:67 - Username Entered
2022-05-31 12:46:14,703  INFO [TestNG-test=Test-1] SaucedemoProjectv2:60 - Url Open
2022-05-31 12:46:14,773  INFO [TestNG-test=Test-5] SaucedemoProjectv2:73 - Login Button Clicked
2022-05-31 12:46:14,828  INFO [TestNG-test=Test-4] SaucedemoProjectv2:70 - Password Entered
2022-05-31 12:46:14,835  INFO [TestNG-test=Test-2] SaucedemoProjectv2:73 - Login Button Clicked
2022-05-31 12:46:14,966  INFO [TestNG-test=Test-1] SaucedemoProjectv2:67 - Username Entered
2022-05-31 12:46:15,074  INFO [TestNG-test=Test-4] SaucedemoProjectv2:73 - Login Button Clicked
2022-05-31 12:46:15,140  INFO [TestNG-test=Test-1] SaucedemoProjectv2:70 - Password Entered
2022-05-31 12:46:15,279  INFO [TestNG-test=Test-1] SaucedemoProjectv2:73 - Login Button Clicked
2022-05-31 12:46:18,003  INFO [TestNG-test=Test-5] SaucedemoProjectv2:36 - browser open
2022-05-31 12:46:18,707  INFO [TestNG-test=Test-2] SaucedemoProjectv2:36 - browser open
2022-05-31 12:46:18,848  INFO [TestNG-test=Test-4] SaucedemoProjectv2:36 - browser open
2022-05-31 12:46:19,725  INFO [TestNG-test=Test-4] SaucedemoProjectv2:60 - Url Open
2022-05-31 12:46:19,832  INFO [TestNG-test=Test-4] SaucedemoProjectv2:67 - Username Entered
2022-05-31 12:46:19,858  INFO [TestNG-test=Test-2] SaucedemoProjectv2:60 - Url Open
2022-05-31 12:46:19,959  INFO [TestNG-test=Test-4] SaucedemoProjectv2:70 - Password Entered
2022-05-31 12:46:20,034  INFO [TestNG-test=Test-2] SaucedemoProjectv2:67 - Username Entered
2022-05-31 12:46:20,129  INFO [TestNG-test=Test-5] SaucedemoProjectv2:60 - Url Open
2022-05-31 12:46:20,219  INFO [TestNG-test=Test-4] SaucedemoProjectv2:73 - Login Button Clicked
2022-05-31 12:46:20,244  INFO [TestNG-test=Test-2] SaucedemoProjectv2:70 - Password Entered
2022-05-31 12:46:20,304  INFO [TestNG-test=Test-5] SaucedemoProjectv2:67 - Username Entered
2022-05-31 12:46:20,447  INFO [TestNG-test=Test-5] SaucedemoProjectv2:70 - Password Entered
2022-05-31 12:46:20,496  INFO [TestNG-test=Test-2] SaucedemoProjectv2:73 - Login Button Clicked
2022-05-31 12:46:20,641  INFO [TestNG-test=Test-5] SaucedemoProjectv2:73 - Login Button Clicked
